INFO - root - 2019-11-28 17:32:06,340 - LOGGING START. Data are saving to logs_dir: /labs/logs/experiment_3, models_dir: /labs/models/experiment_3
INFO - root - 2019-11-28 17:32:06,340 - Greyscale: False
INFO - root - 2019-11-28 17:32:06,350 - dirs: ['O', 'R'], from: /labs/data/processed/anime/TRAIN
INFO - root - 2019-11-28 17:32:06,374 - dirs: ['O', 'R'], from: /labs/data/raw/DATASET/TEST
INFO - root - 2019-11-28 17:32:06,374 - Number of channels: 3
INFO - root - 2019-11-28 17:32:06,374 - labels: [('R', 0), ('O', 1)]
DEBUG - root - 2019-11-28 17:32:06,375 - self.name_by_number: {0: 'R', 1: 'O'}
DEBUG - root - 2019-11-28 17:32:06,375 - self.num_by_name: {'R': 0, 'O': 1}
DEBUG - root - 2019-11-28 17:32:06,393 - file_path: Tensor("args_0:0", shape=(), dtype=string)
DEBUG - root - 2019-11-28 17:32:06,453 - label: Tensor("Equal:0", shape=(2,), dtype=bool)
DEBUG - root - 2019-11-28 17:32:06,510 - file_path: Tensor("args_0:0", shape=(), dtype=string)
DEBUG - root - 2019-11-28 17:32:06,572 - label: Tensor("Equal:0", shape=(2,), dtype=bool)
INFO - root - 2019-11-28 17:32:06,603 - input_shape:(224, 224, 3)
INFO - root - 2019-11-28 17:32:06,603 - number_of_classes:2
INFO - root - 2019-11-28 17:32:06,604 - steps_per_epoch: 2
INFO - root - 2019-11-28 17:32:06,604 - total_num_of_samples: 760
INFO - root - 2019-11-28 17:32:06,604 - batch_size: 256
INFO - root - 2019-11-28 17:32:06,605 - steps_per_epoch: 9
INFO - root - 2019-11-28 17:32:06,605 - total_num_of_samples: 2513
INFO - root - 2019-11-28 17:32:06,605 - batch_size: 256
INFO - root - 2019-11-28 17:32:06,700 - model.compile()
INFO - root - 2019-11-28 17:32:06,700 - loss:categorical_crossentropy
INFO - root - 2019-11-28 17:32:06,701 - metrics:['accuracy']
INFO - root - 2019-11-28 17:32:06,701 - optimizer:adam
INFO - root - 2019-11-28 17:32:06,746 - model.fit()
INFO - root - 2019-11-28 17:32:06,746 - run_id: cnn_model
INFO - root - 2019-11-28 17:32:06,746 - epochs:7
INFO - root - 2019-11-28 17:32:06,747 - steps_per_epoch:2
INFO - root - 2019-11-28 17:32:06,747 - validation_steps:9
INFO - root - 2019-11-28 17:32:37,187 - Model cnn_model saved to model_path: /labs/models/experiment_3/model_cnn_model.h5
INFO - root - 2019-11-28 17:32:37,187 - LOGGING END. Data was saved to logs_dir: /labs/logs/experiment_3, models_dir: /labs/models/experiment_3
