INFO - root - 2019-11-28 17:26:08,649 - LOGGING START. Data are saving to logs_dir: /labs/logs/experiment_2, models_dir: /labs/models/experiment_2
INFO - root - 2019-11-28 17:26:08,649 - Greyscale: False
INFO - root - 2019-11-28 17:26:08,939 - dirs: ['O', 'R'], from: /labs/data/raw/DATASET/TRAIN
INFO - root - 2019-11-28 17:26:08,966 - dirs: ['O', 'R'], from: /labs/data/raw/DATASET/TEST
INFO - root - 2019-11-28 17:26:08,966 - Number of channels: 3
INFO - root - 2019-11-28 17:26:08,966 - labels: [('R', 0), ('O', 1)]
DEBUG - root - 2019-11-28 17:26:08,966 - self.name_by_number: {0: 'R', 1: 'O'}
DEBUG - root - 2019-11-28 17:26:08,966 - self.num_by_name: {'R': 0, 'O': 1}
DEBUG - root - 2019-11-28 17:26:12,033 - file_path: Tensor("args_0:0", shape=(), dtype=string)
DEBUG - root - 2019-11-28 17:26:14,903 - label: Tensor("Equal:0", shape=(2,), dtype=bool)
DEBUG - root - 2019-11-28 17:26:15,099 - file_path: Tensor("args_0:0", shape=(), dtype=string)
DEBUG - root - 2019-11-28 17:26:15,160 - label: Tensor("Equal:0", shape=(2,), dtype=bool)
INFO - root - 2019-11-28 17:26:15,191 - input_shape:(224, 224, 3)
INFO - root - 2019-11-28 17:26:15,191 - number_of_classes:2
INFO - root - 2019-11-28 17:26:15,192 - steps_per_epoch: 88
INFO - root - 2019-11-28 17:26:15,192 - total_num_of_samples: 22564
INFO - root - 2019-11-28 17:26:15,192 - batch_size: 256
INFO - root - 2019-11-28 17:26:15,192 - steps_per_epoch: 9
INFO - root - 2019-11-28 17:26:15,193 - total_num_of_samples: 2513
INFO - root - 2019-11-28 17:26:15,193 - batch_size: 256
INFO - root - 2019-11-28 17:26:15,301 - model.compile()
INFO - root - 2019-11-28 17:26:15,301 - loss:categorical_crossentropy
INFO - root - 2019-11-28 17:26:15,302 - metrics:['accuracy']
INFO - root - 2019-11-28 17:26:15,302 - optimizer:adam
INFO - root - 2019-11-28 17:26:15,350 - model.fit()
INFO - root - 2019-11-28 17:26:15,350 - run_id: cnn_model
INFO - root - 2019-11-28 17:26:15,351 - epochs:7
INFO - root - 2019-11-28 17:26:15,351 - steps_per_epoch:88
INFO - root - 2019-11-28 17:26:15,351 - validation_steps:9
INFO - root - 2019-11-28 17:32:06,339 - Model cnn_model saved to model_path: /labs/models/experiment_2/model_cnn_model.h5
INFO - root - 2019-11-28 17:32:06,339 - LOGGING END. Data was saved to logs_dir: /labs/logs/experiment_2, models_dir: /labs/models/experiment_2
