INFO - root - 2019-11-27 20:04:16,357 - LOGGING START. Data are saving to logs_dir: /labs/logs/tunning_parametrov_cnn_2, models_dir: /labs/models/tunning_parametrov_cnn_2
INFO - root - 2019-11-27 20:04:18,070 - /labs/data/raw/DATASET/TRAIN image_count: /labs/data/raw/DATASET/TRAIN
INFO - root - 2019-11-27 20:04:18,192 - /labs/data/raw/DATASET/TEST image_count: /labs/data/raw/DATASET/TEST
INFO - root - 2019-11-27 20:04:18,193 - model.compile()
INFO - root - 2019-11-27 20:04:18,194 - loss:sparse_categorical_crossentropy
INFO - root - 2019-11-27 20:04:18,194 - metrics:['accuracy']
INFO - root - 2019-11-27 20:04:18,194 - optimizer:<tensorflow.python.keras.optimizer_v2.adam.Adam object at 0x7f91154c6dd8>
INFO - root - 2019-11-27 20:04:18,204 - learning_rate:<tf.Variable 'learning_rate:0' shape=() dtype=float32, numpy=0.001>
INFO - root - 2019-11-27 20:04:18,253 - model.fit()
INFO - root - 2019-11-27 20:04:18,253 - run_id: 20191127_200416
INFO - root - 2019-11-27 20:04:18,253 - epochs:10
INFO - root - 2019-11-27 20:04:18,253 - steps_per_epoch: 352
INFO - root - 2019-11-27 20:04:18,253 - total_num_of_samples: 22564
INFO - root - 2019-11-27 20:04:18,253 - batch_size: 64
INFO - root - 2019-11-27 20:04:18,253 - steps_per_epoch: 39
INFO - root - 2019-11-27 20:04:18,254 - total_num_of_samples: 2513
INFO - root - 2019-11-27 20:04:18,254 - batch_size: 64
INFO - root - 2019-11-27 20:04:18,254 - steps_per_epoch:352
INFO - root - 2019-11-27 20:04:18,254 - validation_steps:39
INFO - root - 2019-11-27 20:13:55,308 - Model 20191127_200416 saved to model_path: /labs/models/tunning_parametrov_cnn_2/model_20191127_200416.h5
INFO - root - 2019-11-27 20:13:55,309 - model.evaluate()
INFO - root - 2019-11-27 20:13:55,309 - run_id: 20191127_200416
INFO - root - 2019-11-27 20:13:55,309 - test_data: <DatasetV1Adapter shapes: ((None, 224, 224, 1), (None,)), types: (tf.float32, tf.int32)>
INFO - root - 2019-11-27 20:13:55,309 - steps: 2513
INFO - root - 2019-11-27 20:13:56,552 - model was loaded from/labs/models/tunning_parametrov_cnn_2/model_20191127_200416.h5
INFO - root - 2019-11-27 20:13:56,553 - Model: "sequential"
INFO - root - 2019-11-27 20:13:56,553 - _________________________________________________________________
INFO - root - 2019-11-27 20:13:56,553 - Layer (type)                 Output Shape              Param #   
INFO - root - 2019-11-27 20:13:56,553 - =================================================================
INFO - root - 2019-11-27 20:13:56,554 - conv2d (Conv2D)              (None, 224, 224, 16)      160       
INFO - root - 2019-11-27 20:13:56,554 - _________________________________________________________________
INFO - root - 2019-11-27 20:13:56,554 - max_pooling2d (MaxPooling2D) (None, 112, 112, 16)      0         
INFO - root - 2019-11-27 20:13:56,554 - _________________________________________________________________
INFO - root - 2019-11-27 20:13:56,555 - conv2d_1 (Conv2D)            (None, 112, 112, 32)      4640      
INFO - root - 2019-11-27 20:13:56,555 - _________________________________________________________________
INFO - root - 2019-11-27 20:13:56,555 - max_pooling2d_1 (MaxPooling2 (None, 56, 56, 32)        0         
INFO - root - 2019-11-27 20:13:56,555 - _________________________________________________________________
INFO - root - 2019-11-27 20:13:56,555 - conv2d_2 (Conv2D)            (None, 56, 56, 64)        18496     
INFO - root - 2019-11-27 20:13:56,555 - _________________________________________________________________
INFO - root - 2019-11-27 20:13:56,556 - max_pooling2d_2 (MaxPooling2 (None, 28, 28, 64)        0         
INFO - root - 2019-11-27 20:13:56,556 - _________________________________________________________________
INFO - root - 2019-11-27 20:13:56,556 - flatten (Flatten)            (None, 50176)             0         
INFO - root - 2019-11-27 20:13:56,556 - _________________________________________________________________
INFO - root - 2019-11-27 20:13:56,556 - dense (Dense)                (None, 500)               25088500  
INFO - root - 2019-11-27 20:13:56,557 - _________________________________________________________________
INFO - root - 2019-11-27 20:13:56,557 - dense_1 (Dense)              (None, 2)                 1002      
INFO - root - 2019-11-27 20:13:56,557 - =================================================================
INFO - root - 2019-11-27 20:13:56,558 - Total params: 25,112,798
INFO - root - 2019-11-27 20:13:56,558 - Trainable params: 25,112,798
INFO - root - 2019-11-27 20:13:56,558 - Non-trainable params: 0
INFO - root - 2019-11-27 20:13:56,558 - _________________________________________________________________
INFO - root - 2019-11-27 20:16:20,288 - LOGGING END. Data was saved to logs_dir: /labs/logs/tunning_parametrov_cnn_2, models_dir: /labs/models/tunning_parametrov_cnn_2
