INFO - root - 2019-11-28 17:32:37,190 - LOGGING START. Data are saving to logs_dir: /labs/logs/experiment_4, models_dir: /labs/models/experiment_4
INFO - root - 2019-11-28 17:32:37,191 - Greyscale: False
INFO - root - 2019-11-28 17:32:37,410 - dirs: ['O', 'R'], from: /labs/data/raw/DATASET/TRAIN
INFO - root - 2019-11-28 17:32:37,435 - dirs: ['O', 'R'], from: /labs/data/raw/DATASET/TEST
INFO - root - 2019-11-28 17:32:37,435 - Number of channels: 3
INFO - root - 2019-11-28 17:32:37,436 - labels: [('R', 0), ('O', 1)]
DEBUG - root - 2019-11-28 17:32:37,436 - self.name_by_number: {0: 'R', 1: 'O'}
DEBUG - root - 2019-11-28 17:32:37,436 - self.num_by_name: {'R': 0, 'O': 1}
DEBUG - root - 2019-11-28 17:32:37,584 - file_path: Tensor("args_0:0", shape=(), dtype=string)
DEBUG - root - 2019-11-28 17:32:37,645 - label: Tensor("Equal:0", shape=(2,), dtype=bool)
DEBUG - root - 2019-11-28 17:32:37,701 - file_path: Tensor("args_0:0", shape=(), dtype=string)
DEBUG - root - 2019-11-28 17:32:37,763 - label: Tensor("Equal:0", shape=(2,), dtype=bool)
INFO - root - 2019-11-28 17:32:37,793 - steps_per_epoch: 1410
INFO - root - 2019-11-28 17:32:37,793 - total_num_of_samples: 22564
INFO - root - 2019-11-28 17:32:37,793 - batch_size: 16
INFO - root - 2019-11-28 17:32:37,794 - steps_per_epoch: 157
INFO - root - 2019-11-28 17:32:37,794 - total_num_of_samples: 2513
INFO - root - 2019-11-28 17:32:37,794 - batch_size: 16
INFO - root - 2019-11-28 17:32:37,794 - input_shape:(224, 224, 3)
INFO - root - 2019-11-28 17:32:37,794 - number_of_classes:2
INFO - root - 2019-11-28 17:32:37,796 - index: 0
INFO - root - 2019-11-28 17:32:37,817 - index: 1
INFO - root - 2019-11-28 17:32:37,889 - model.build()
INFO - root - 2019-11-28 17:32:37,889 - loss:categorical_crossentropy
INFO - root - 2019-11-28 17:32:37,889 - metrics:['accuracy']
INFO - root - 2019-11-28 17:32:37,889 - optimizer:adam
INFO - root - 2019-11-28 17:32:37,933 - model.fit()
INFO - root - 2019-11-28 17:32:37,933 - run_id: 0
INFO - root - 2019-11-28 17:32:37,934 - epochs:2
INFO - root - 2019-11-28 17:32:37,934 - steps_per_epoch:1410
INFO - root - 2019-11-28 17:32:37,934 - validation_steps:157
INFO - root - 2019-11-28 17:34:27,365 - Model 0 saved to model_path: /labs/models/experiment_4/model_0.h5
INFO - root - 2019-11-28 17:34:27,365 - model.evaluate()
INFO - root - 2019-11-28 17:34:27,365 - run_id: 0
INFO - root - 2019-11-28 17:34:27,366 - test_data: <DatasetV1Adapter shapes: ((None, 224, 224, 3), (None, 2)), types: (tf.float32, tf.bool)>
INFO - root - 2019-11-28 17:34:27,366 - steps: 2513
INFO - root - 2019-11-28 17:34:27,980 - model was loaded from/labs/models/experiment_4/model_0.h5
INFO - root - 2019-11-28 17:34:27,981 - Model: "sequential_2"
INFO - root - 2019-11-28 17:34:27,981 - _________________________________________________________________
INFO - root - 2019-11-28 17:34:27,982 - Layer (type)                 Output Shape              Param #   
INFO - root - 2019-11-28 17:34:27,982 - =================================================================
INFO - root - 2019-11-28 17:34:27,982 - conv2d_6 (Conv2D)            (None, 224, 224, 8)       608       
INFO - root - 2019-11-28 17:34:27,983 - _________________________________________________________________
INFO - root - 2019-11-28 17:34:27,983 - max_pooling2d_6 (MaxPooling2 (None, 112, 112, 8)       0         
INFO - root - 2019-11-28 17:34:27,983 - _________________________________________________________________
INFO - root - 2019-11-28 17:34:27,984 - conv2d_7 (Conv2D)            (None, 112, 112, 16)      3216      
INFO - root - 2019-11-28 17:34:27,984 - _________________________________________________________________
INFO - root - 2019-11-28 17:34:27,984 - max_pooling2d_7 (MaxPooling2 (None, 56, 56, 16)        0         
INFO - root - 2019-11-28 17:34:27,985 - _________________________________________________________________
INFO - root - 2019-11-28 17:34:27,985 - flatten_2 (Flatten)          (None, 50176)             0         
INFO - root - 2019-11-28 17:34:27,985 - _________________________________________________________________
INFO - root - 2019-11-28 17:34:27,986 - dropout (Dropout)            (None, 50176)             0         
INFO - root - 2019-11-28 17:34:27,986 - _________________________________________________________________
INFO - root - 2019-11-28 17:34:27,987 - dense_4 (Dense)              (None, 32)                1605664   
INFO - root - 2019-11-28 17:34:27,987 - _________________________________________________________________
INFO - root - 2019-11-28 17:34:27,987 - dense_5 (Dense)              (None, 2)                 66        
INFO - root - 2019-11-28 17:34:27,988 - =================================================================
INFO - root - 2019-11-28 17:34:27,989 - Total params: 1,609,554
INFO - root - 2019-11-28 17:34:27,989 - Trainable params: 1,609,554
INFO - root - 2019-11-28 17:34:27,989 - Non-trainable params: 0
INFO - root - 2019-11-28 17:34:27,990 - _________________________________________________________________
INFO - root - 2019-11-28 17:35:23,701 - index: 0
INFO - root - 2019-11-28 17:35:23,723 - index: 1
INFO - root - 2019-11-28 17:35:23,795 - model.build()
INFO - root - 2019-11-28 17:35:23,796 - loss:categorical_crossentropy
INFO - root - 2019-11-28 17:35:23,796 - metrics:['accuracy']
INFO - root - 2019-11-28 17:35:23,796 - optimizer:adam
INFO - root - 2019-11-28 17:35:23,841 - model.fit()
INFO - root - 2019-11-28 17:35:23,841 - run_id: 1
INFO - root - 2019-11-28 17:35:23,841 - epochs:2
INFO - root - 2019-11-28 17:35:23,842 - steps_per_epoch:1410
INFO - root - 2019-11-28 17:35:23,842 - validation_steps:157
INFO - root - 2019-11-28 17:37:15,124 - Model 1 saved to model_path: /labs/models/experiment_4/model_1.h5
INFO - root - 2019-11-28 17:37:15,124 - model.evaluate()
INFO - root - 2019-11-28 17:37:15,125 - run_id: 1
INFO - root - 2019-11-28 17:37:15,125 - test_data: <DatasetV1Adapter shapes: ((None, 224, 224, 3), (None, 2)), types: (tf.float32, tf.bool)>
INFO - root - 2019-11-28 17:37:15,125 - steps: 2513
INFO - root - 2019-11-28 17:37:15,751 - model was loaded from/labs/models/experiment_4/model_1.h5
INFO - root - 2019-11-28 17:37:15,751 - Model: "sequential_3"
INFO - root - 2019-11-28 17:37:15,752 - _________________________________________________________________
INFO - root - 2019-11-28 17:37:15,752 - Layer (type)                 Output Shape              Param #   
INFO - root - 2019-11-28 17:37:15,752 - =================================================================
INFO - root - 2019-11-28 17:37:15,753 - conv2d_8 (Conv2D)            (None, 224, 224, 8)       608       
INFO - root - 2019-11-28 17:37:15,753 - _________________________________________________________________
INFO - root - 2019-11-28 17:37:15,753 - max_pooling2d_8 (MaxPooling2 (None, 112, 112, 8)       0         
INFO - root - 2019-11-28 17:37:15,754 - _________________________________________________________________
INFO - root - 2019-11-28 17:37:15,754 - conv2d_9 (Conv2D)            (None, 112, 112, 16)      3216      
INFO - root - 2019-11-28 17:37:15,754 - _________________________________________________________________
INFO - root - 2019-11-28 17:37:15,755 - max_pooling2d_9 (MaxPooling2 (None, 56, 56, 16)        0         
INFO - root - 2019-11-28 17:37:15,755 - _________________________________________________________________
INFO - root - 2019-11-28 17:37:15,755 - flatten_3 (Flatten)          (None, 50176)             0         
INFO - root - 2019-11-28 17:37:15,756 - _________________________________________________________________
INFO - root - 2019-11-28 17:37:15,756 - dropout_1 (Dropout)          (None, 50176)             0         
INFO - root - 2019-11-28 17:37:15,756 - _________________________________________________________________
INFO - root - 2019-11-28 17:37:15,757 - dense_6 (Dense)              (None, 32)                1605664   
INFO - root - 2019-11-28 17:37:15,757 - _________________________________________________________________
INFO - root - 2019-11-28 17:37:15,757 - dense_7 (Dense)              (None, 2)                 66        
INFO - root - 2019-11-28 17:37:15,758 - =================================================================
INFO - root - 2019-11-28 17:37:15,759 - Total params: 1,609,554
INFO - root - 2019-11-28 17:37:15,759 - Trainable params: 1,609,554
INFO - root - 2019-11-28 17:37:15,760 - Non-trainable params: 0
INFO - root - 2019-11-28 17:37:15,760 - _________________________________________________________________
INFO - root - 2019-11-28 17:38:10,044 - index: 0
INFO - root - 2019-11-28 17:38:10,065 - index: 1
INFO - root - 2019-11-28 17:38:10,151 - model.build()
INFO - root - 2019-11-28 17:38:10,151 - loss:categorical_crossentropy
INFO - root - 2019-11-28 17:38:10,151 - metrics:['accuracy']
INFO - root - 2019-11-28 17:38:10,152 - optimizer:adam
INFO - root - 2019-11-28 17:38:10,199 - model.fit()
INFO - root - 2019-11-28 17:38:10,199 - run_id: 2
INFO - root - 2019-11-28 17:38:10,200 - epochs:2
INFO - root - 2019-11-28 17:38:10,200 - steps_per_epoch:1410
INFO - root - 2019-11-28 17:38:10,200 - validation_steps:157
INFO - root - 2019-11-28 17:40:02,912 - Model 2 saved to model_path: /labs/models/experiment_4/model_2.h5
INFO - root - 2019-11-28 17:40:02,912 - model.evaluate()
INFO - root - 2019-11-28 17:40:02,912 - run_id: 2
INFO - root - 2019-11-28 17:40:02,913 - test_data: <DatasetV1Adapter shapes: ((None, 224, 224, 3), (None, 2)), types: (tf.float32, tf.bool)>
INFO - root - 2019-11-28 17:40:02,913 - steps: 2513
INFO - root - 2019-11-28 17:40:03,611 - model was loaded from/labs/models/experiment_4/model_2.h5
INFO - root - 2019-11-28 17:40:03,612 - Model: "sequential_4"
INFO - root - 2019-11-28 17:40:03,612 - _________________________________________________________________
INFO - root - 2019-11-28 17:40:03,612 - Layer (type)                 Output Shape              Param #   
INFO - root - 2019-11-28 17:40:03,613 - =================================================================
INFO - root - 2019-11-28 17:40:03,613 - conv2d_10 (Conv2D)           (None, 224, 224, 8)       608       
INFO - root - 2019-11-28 17:40:03,613 - _________________________________________________________________
INFO - root - 2019-11-28 17:40:03,613 - max_pooling2d_10 (MaxPooling (None, 112, 112, 8)       0         
INFO - root - 2019-11-28 17:40:03,614 - _________________________________________________________________
INFO - root - 2019-11-28 17:40:03,614 - conv2d_11 (Conv2D)           (None, 112, 112, 16)      3216      
INFO - root - 2019-11-28 17:40:03,614 - _________________________________________________________________
INFO - root - 2019-11-28 17:40:03,614 - max_pooling2d_11 (MaxPooling (None, 56, 56, 16)        0         
INFO - root - 2019-11-28 17:40:03,614 - _________________________________________________________________
INFO - root - 2019-11-28 17:40:03,614 - flatten_4 (Flatten)          (None, 50176)             0         
INFO - root - 2019-11-28 17:40:03,615 - _________________________________________________________________
INFO - root - 2019-11-28 17:40:03,615 - dropout_2 (Dropout)          (None, 50176)             0         
INFO - root - 2019-11-28 17:40:03,615 - _________________________________________________________________
INFO - root - 2019-11-28 17:40:03,615 - dense_8 (Dense)              (None, 32)                1605664   
INFO - root - 2019-11-28 17:40:03,615 - _________________________________________________________________
INFO - root - 2019-11-28 17:40:03,616 - dense_9 (Dense)              (None, 64)                2112      
INFO - root - 2019-11-28 17:40:03,616 - _________________________________________________________________
INFO - root - 2019-11-28 17:40:03,616 - dense_10 (Dense)             (None, 2)                 130       
INFO - root - 2019-11-28 17:40:03,616 - =================================================================
INFO - root - 2019-11-28 17:40:03,617 - Total params: 1,611,730
INFO - root - 2019-11-28 17:40:03,618 - Trainable params: 1,611,730
INFO - root - 2019-11-28 17:40:03,618 - Non-trainable params: 0
INFO - root - 2019-11-28 17:40:03,618 - _________________________________________________________________
INFO - root - 2019-11-28 17:40:59,550 - index: 0
INFO - root - 2019-11-28 17:40:59,571 - index: 1
INFO - root - 2019-11-28 17:40:59,660 - model.build()
INFO - root - 2019-11-28 17:40:59,660 - loss:categorical_crossentropy
INFO - root - 2019-11-28 17:40:59,660 - metrics:['accuracy']
INFO - root - 2019-11-28 17:40:59,660 - optimizer:adam
INFO - root - 2019-11-28 17:40:59,704 - model.fit()
INFO - root - 2019-11-28 17:40:59,704 - run_id: 3
INFO - root - 2019-11-28 17:40:59,704 - epochs:2
INFO - root - 2019-11-28 17:40:59,704 - steps_per_epoch:1410
INFO - root - 2019-11-28 17:40:59,704 - validation_steps:157
INFO - root - 2019-11-28 17:42:53,318 - Model 3 saved to model_path: /labs/models/experiment_4/model_3.h5
INFO - root - 2019-11-28 17:42:53,318 - model.evaluate()
INFO - root - 2019-11-28 17:42:53,318 - run_id: 3
INFO - root - 2019-11-28 17:42:53,319 - test_data: <DatasetV1Adapter shapes: ((None, 224, 224, 3), (None, 2)), types: (tf.float32, tf.bool)>
INFO - root - 2019-11-28 17:42:53,319 - steps: 2513
INFO - root - 2019-11-28 17:42:54,012 - model was loaded from/labs/models/experiment_4/model_3.h5
INFO - root - 2019-11-28 17:42:54,013 - Model: "sequential_5"
INFO - root - 2019-11-28 17:42:54,013 - _________________________________________________________________
INFO - root - 2019-11-28 17:42:54,013 - Layer (type)                 Output Shape              Param #   
INFO - root - 2019-11-28 17:42:54,013 - =================================================================
INFO - root - 2019-11-28 17:42:54,014 - conv2d_12 (Conv2D)           (None, 224, 224, 8)       608       
INFO - root - 2019-11-28 17:42:54,014 - _________________________________________________________________
INFO - root - 2019-11-28 17:42:54,014 - max_pooling2d_12 (MaxPooling (None, 112, 112, 8)       0         
INFO - root - 2019-11-28 17:42:54,014 - _________________________________________________________________
INFO - root - 2019-11-28 17:42:54,015 - conv2d_13 (Conv2D)           (None, 112, 112, 16)      3216      
INFO - root - 2019-11-28 17:42:54,015 - _________________________________________________________________
INFO - root - 2019-11-28 17:42:54,015 - max_pooling2d_13 (MaxPooling (None, 56, 56, 16)        0         
INFO - root - 2019-11-28 17:42:54,015 - _________________________________________________________________
INFO - root - 2019-11-28 17:42:54,015 - flatten_5 (Flatten)          (None, 50176)             0         
INFO - root - 2019-11-28 17:42:54,015 - _________________________________________________________________
INFO - root - 2019-11-28 17:42:54,016 - dropout_3 (Dropout)          (None, 50176)             0         
INFO - root - 2019-11-28 17:42:54,016 - _________________________________________________________________
INFO - root - 2019-11-28 17:42:54,016 - dense_11 (Dense)             (None, 32)                1605664   
INFO - root - 2019-11-28 17:42:54,016 - _________________________________________________________________
INFO - root - 2019-11-28 17:42:54,016 - dense_12 (Dense)             (None, 64)                2112      
INFO - root - 2019-11-28 17:42:54,017 - _________________________________________________________________
INFO - root - 2019-11-28 17:42:54,017 - dense_13 (Dense)             (None, 2)                 130       
INFO - root - 2019-11-28 17:42:54,017 - =================================================================
INFO - root - 2019-11-28 17:42:54,018 - Total params: 1,611,730
INFO - root - 2019-11-28 17:42:54,018 - Trainable params: 1,611,730
INFO - root - 2019-11-28 17:42:54,018 - Non-trainable params: 0
INFO - root - 2019-11-28 17:42:54,019 - _________________________________________________________________
INFO - root - 2019-11-28 17:43:49,763 - index: 0
INFO - root - 2019-11-28 17:43:49,784 - index: 1
INFO - root - 2019-11-28 17:43:49,804 - index: 2
INFO - root - 2019-11-28 17:43:49,891 - model.build()
INFO - root - 2019-11-28 17:43:49,892 - loss:categorical_crossentropy
INFO - root - 2019-11-28 17:43:49,892 - metrics:['accuracy']
INFO - root - 2019-11-28 17:43:49,892 - optimizer:adam
INFO - root - 2019-11-28 17:43:49,936 - model.fit()
INFO - root - 2019-11-28 17:43:49,936 - run_id: 4
INFO - root - 2019-11-28 17:43:49,936 - epochs:2
INFO - root - 2019-11-28 17:43:49,936 - steps_per_epoch:1410
INFO - root - 2019-11-28 17:43:49,936 - validation_steps:157
INFO - root - 2019-11-28 17:45:36,614 - Model 4 saved to model_path: /labs/models/experiment_4/model_4.h5
INFO - root - 2019-11-28 17:45:36,614 - model.evaluate()
INFO - root - 2019-11-28 17:45:36,615 - run_id: 4
INFO - root - 2019-11-28 17:45:36,615 - test_data: <DatasetV1Adapter shapes: ((None, 224, 224, 3), (None, 2)), types: (tf.float32, tf.bool)>
INFO - root - 2019-11-28 17:45:36,615 - steps: 2513
INFO - root - 2019-11-28 17:45:37,390 - model was loaded from/labs/models/experiment_4/model_4.h5
INFO - root - 2019-11-28 17:45:37,391 - Model: "sequential_6"
INFO - root - 2019-11-28 17:45:37,391 - _________________________________________________________________
INFO - root - 2019-11-28 17:45:37,391 - Layer (type)                 Output Shape              Param #   
INFO - root - 2019-11-28 17:45:37,392 - =================================================================
INFO - root - 2019-11-28 17:45:37,392 - conv2d_14 (Conv2D)           (None, 224, 224, 8)       224       
INFO - root - 2019-11-28 17:45:37,392 - _________________________________________________________________
INFO - root - 2019-11-28 17:45:37,392 - max_pooling2d_14 (MaxPooling (None, 112, 112, 8)       0         
INFO - root - 2019-11-28 17:45:37,393 - _________________________________________________________________
INFO - root - 2019-11-28 17:45:37,393 - conv2d_15 (Conv2D)           (None, 112, 112, 16)      1168      
INFO - root - 2019-11-28 17:45:37,393 - _________________________________________________________________
INFO - root - 2019-11-28 17:45:37,393 - max_pooling2d_15 (MaxPooling (None, 56, 56, 16)        0         
INFO - root - 2019-11-28 17:45:37,394 - _________________________________________________________________
INFO - root - 2019-11-28 17:45:37,394 - conv2d_16 (Conv2D)           (None, 56, 56, 32)        4640      
INFO - root - 2019-11-28 17:45:37,394 - _________________________________________________________________
INFO - root - 2019-11-28 17:45:37,394 - max_pooling2d_16 (MaxPooling (None, 28, 28, 32)        0         
INFO - root - 2019-11-28 17:45:37,395 - _________________________________________________________________
INFO - root - 2019-11-28 17:45:37,395 - flatten_6 (Flatten)          (None, 25088)             0         
INFO - root - 2019-11-28 17:45:37,395 - _________________________________________________________________
INFO - root - 2019-11-28 17:45:37,395 - dropout_4 (Dropout)          (None, 25088)             0         
INFO - root - 2019-11-28 17:45:37,396 - _________________________________________________________________
INFO - root - 2019-11-28 17:45:37,396 - dense_14 (Dense)             (None, 32)                802848    
INFO - root - 2019-11-28 17:45:37,396 - _________________________________________________________________
INFO - root - 2019-11-28 17:45:37,396 - dense_15 (Dense)             (None, 64)                2112      
INFO - root - 2019-11-28 17:45:37,397 - _________________________________________________________________
INFO - root - 2019-11-28 17:45:37,397 - dense_16 (Dense)             (None, 2)                 130       
INFO - root - 2019-11-28 17:45:37,397 - =================================================================
INFO - root - 2019-11-28 17:45:37,398 - Total params: 811,122
INFO - root - 2019-11-28 17:45:37,398 - Trainable params: 811,122
INFO - root - 2019-11-28 17:45:37,399 - Non-trainable params: 0
INFO - root - 2019-11-28 17:45:37,399 - _________________________________________________________________
INFO - root - 2019-11-28 17:46:26,910 - index: 0
INFO - root - 2019-11-28 17:46:26,932 - index: 1
INFO - root - 2019-11-28 17:46:26,951 - index: 2
INFO - root - 2019-11-28 17:46:27,040 - model.build()
INFO - root - 2019-11-28 17:46:27,041 - loss:categorical_crossentropy
INFO - root - 2019-11-28 17:46:27,041 - metrics:['accuracy']
INFO - root - 2019-11-28 17:46:27,041 - optimizer:adam
INFO - root - 2019-11-28 17:46:27,085 - model.fit()
INFO - root - 2019-11-28 17:46:27,085 - run_id: 5
INFO - root - 2019-11-28 17:46:27,085 - epochs:2
INFO - root - 2019-11-28 17:46:27,086 - steps_per_epoch:1410
INFO - root - 2019-11-28 17:46:27,086 - validation_steps:157
INFO - root - 2019-11-28 17:48:14,022 - Model 5 saved to model_path: /labs/models/experiment_4/model_5.h5
INFO - root - 2019-11-28 17:48:14,022 - model.evaluate()
INFO - root - 2019-11-28 17:48:14,023 - run_id: 5
INFO - root - 2019-11-28 17:48:14,023 - test_data: <DatasetV1Adapter shapes: ((None, 224, 224, 3), (None, 2)), types: (tf.float32, tf.bool)>
INFO - root - 2019-11-28 17:48:14,023 - steps: 2513
INFO - root - 2019-11-28 17:48:14,823 - model was loaded from/labs/models/experiment_4/model_5.h5
INFO - root - 2019-11-28 17:48:14,823 - Model: "sequential_7"
INFO - root - 2019-11-28 17:48:14,824 - _________________________________________________________________
INFO - root - 2019-11-28 17:48:14,824 - Layer (type)                 Output Shape              Param #   
INFO - root - 2019-11-28 17:48:14,824 - =================================================================
INFO - root - 2019-11-28 17:48:14,824 - conv2d_17 (Conv2D)           (None, 224, 224, 8)       224       
INFO - root - 2019-11-28 17:48:14,825 - _________________________________________________________________
INFO - root - 2019-11-28 17:48:14,825 - max_pooling2d_17 (MaxPooling (None, 112, 112, 8)       0         
INFO - root - 2019-11-28 17:48:14,825 - _________________________________________________________________
INFO - root - 2019-11-28 17:48:14,825 - conv2d_18 (Conv2D)           (None, 112, 112, 16)      1168      
INFO - root - 2019-11-28 17:48:14,825 - _________________________________________________________________
INFO - root - 2019-11-28 17:48:14,826 - max_pooling2d_18 (MaxPooling (None, 56, 56, 16)        0         
INFO - root - 2019-11-28 17:48:14,826 - _________________________________________________________________
INFO - root - 2019-11-28 17:48:14,826 - conv2d_19 (Conv2D)           (None, 56, 56, 32)        4640      
INFO - root - 2019-11-28 17:48:14,826 - _________________________________________________________________
INFO - root - 2019-11-28 17:48:14,826 - max_pooling2d_19 (MaxPooling (None, 28, 28, 32)        0         
INFO - root - 2019-11-28 17:48:14,827 - _________________________________________________________________
INFO - root - 2019-11-28 17:48:14,827 - flatten_7 (Flatten)          (None, 25088)             0         
INFO - root - 2019-11-28 17:48:14,827 - _________________________________________________________________
INFO - root - 2019-11-28 17:48:14,827 - dropout_5 (Dropout)          (None, 25088)             0         
INFO - root - 2019-11-28 17:48:14,827 - _________________________________________________________________
INFO - root - 2019-11-28 17:48:14,828 - dense_17 (Dense)             (None, 32)                802848    
INFO - root - 2019-11-28 17:48:14,828 - _________________________________________________________________
INFO - root - 2019-11-28 17:48:14,828 - dense_18 (Dense)             (None, 64)                2112      
INFO - root - 2019-11-28 17:48:14,828 - _________________________________________________________________
INFO - root - 2019-11-28 17:48:14,829 - dense_19 (Dense)             (None, 2)                 130       
INFO - root - 2019-11-28 17:48:14,829 - =================================================================
INFO - root - 2019-11-28 17:48:14,830 - Total params: 811,122
INFO - root - 2019-11-28 17:48:14,830 - Trainable params: 811,122
INFO - root - 2019-11-28 17:48:14,830 - Non-trainable params: 0
INFO - root - 2019-11-28 17:48:14,830 - _________________________________________________________________
INFO - root - 2019-11-28 17:49:05,244 - index: 0
INFO - root - 2019-11-28 17:49:05,267 - index: 1
INFO - root - 2019-11-28 17:49:05,289 - index: 2
INFO - root - 2019-11-28 17:49:05,396 - model.build()
INFO - root - 2019-11-28 17:49:05,396 - loss:categorical_crossentropy
INFO - root - 2019-11-28 17:49:05,396 - metrics:['accuracy']
INFO - root - 2019-11-28 17:49:05,397 - optimizer:adam
INFO - root - 2019-11-28 17:49:05,442 - model.fit()
INFO - root - 2019-11-28 17:49:05,443 - run_id: 6
INFO - root - 2019-11-28 17:49:05,443 - epochs:2
INFO - root - 2019-11-28 17:49:05,443 - steps_per_epoch:1410
INFO - root - 2019-11-28 17:49:05,443 - validation_steps:157
INFO - root - 2019-11-28 17:51:08,553 - Model 6 saved to model_path: /labs/models/experiment_4/model_6.h5
INFO - root - 2019-11-28 17:51:08,553 - model.evaluate()
INFO - root - 2019-11-28 17:51:08,554 - run_id: 6
INFO - root - 2019-11-28 17:51:08,554 - test_data: <DatasetV1Adapter shapes: ((None, 224, 224, 3), (None, 2)), types: (tf.float32, tf.bool)>
INFO - root - 2019-11-28 17:51:08,554 - steps: 2513
INFO - root - 2019-11-28 17:51:09,417 - model was loaded from/labs/models/experiment_4/model_6.h5
INFO - root - 2019-11-28 17:51:09,417 - Model: "sequential_8"
INFO - root - 2019-11-28 17:51:09,417 - _________________________________________________________________
INFO - root - 2019-11-28 17:51:09,418 - Layer (type)                 Output Shape              Param #   
INFO - root - 2019-11-28 17:51:09,418 - =================================================================
INFO - root - 2019-11-28 17:51:09,418 - conv2d_20 (Conv2D)           (None, 224, 224, 8)       608       
INFO - root - 2019-11-28 17:51:09,418 - _________________________________________________________________
INFO - root - 2019-11-28 17:51:09,419 - max_pooling2d_20 (MaxPooling (None, 112, 112, 8)       0         
INFO - root - 2019-11-28 17:51:09,419 - _________________________________________________________________
INFO - root - 2019-11-28 17:51:09,419 - conv2d_21 (Conv2D)           (None, 112, 112, 16)      3216      
INFO - root - 2019-11-28 17:51:09,419 - _________________________________________________________________
INFO - root - 2019-11-28 17:51:09,420 - max_pooling2d_21 (MaxPooling (None, 56, 56, 16)        0         
INFO - root - 2019-11-28 17:51:09,420 - _________________________________________________________________
INFO - root - 2019-11-28 17:51:09,420 - conv2d_22 (Conv2D)           (None, 56, 56, 32)        12832     
INFO - root - 2019-11-28 17:51:09,420 - _________________________________________________________________
INFO - root - 2019-11-28 17:51:09,421 - max_pooling2d_22 (MaxPooling (None, 28, 28, 32)        0         
INFO - root - 2019-11-28 17:51:09,421 - _________________________________________________________________
INFO - root - 2019-11-28 17:51:09,421 - flatten_8 (Flatten)          (None, 25088)             0         
INFO - root - 2019-11-28 17:51:09,421 - _________________________________________________________________
INFO - root - 2019-11-28 17:51:09,421 - dropout_6 (Dropout)          (None, 25088)             0         
INFO - root - 2019-11-28 17:51:09,422 - _________________________________________________________________
INFO - root - 2019-11-28 17:51:09,422 - dense_20 (Dense)             (None, 32)                802848    
INFO - root - 2019-11-28 17:51:09,422 - _________________________________________________________________
INFO - root - 2019-11-28 17:51:09,423 - dense_21 (Dense)             (None, 64)                2112      
INFO - root - 2019-11-28 17:51:09,423 - _________________________________________________________________
INFO - root - 2019-11-28 17:51:09,423 - dense_22 (Dense)             (None, 128)               8320      
INFO - root - 2019-11-28 17:51:09,423 - _________________________________________________________________
INFO - root - 2019-11-28 17:51:09,424 - dense_23 (Dense)             (None, 2)                 258       
INFO - root - 2019-11-28 17:51:09,424 - =================================================================
INFO - root - 2019-11-28 17:51:09,425 - Total params: 830,194
INFO - root - 2019-11-28 17:51:09,425 - Trainable params: 830,194
INFO - root - 2019-11-28 17:51:09,425 - Non-trainable params: 0
INFO - root - 2019-11-28 17:51:09,426 - _________________________________________________________________
INFO - root - 2019-11-28 17:52:07,124 - index: 0
INFO - root - 2019-11-28 17:52:07,147 - index: 1
INFO - root - 2019-11-28 17:52:07,167 - index: 2
INFO - root - 2019-11-28 17:52:07,274 - model.build()
INFO - root - 2019-11-28 17:52:07,275 - loss:categorical_crossentropy
INFO - root - 2019-11-28 17:52:07,275 - metrics:['accuracy']
INFO - root - 2019-11-28 17:52:07,275 - optimizer:adam
INFO - root - 2019-11-28 17:52:07,319 - model.fit()
INFO - root - 2019-11-28 17:52:07,319 - run_id: 7
INFO - root - 2019-11-28 17:52:07,320 - epochs:2
INFO - root - 2019-11-28 17:52:07,320 - steps_per_epoch:1410
INFO - root - 2019-11-28 17:52:07,320 - validation_steps:157
INFO - root - 2019-11-28 17:54:10,229 - Model 7 saved to model_path: /labs/models/experiment_4/model_7.h5
INFO - root - 2019-11-28 17:54:10,229 - model.evaluate()
INFO - root - 2019-11-28 17:54:10,229 - run_id: 7
INFO - root - 2019-11-28 17:54:10,230 - test_data: <DatasetV1Adapter shapes: ((None, 224, 224, 3), (None, 2)), types: (tf.float32, tf.bool)>
INFO - root - 2019-11-28 17:54:10,230 - steps: 2513
INFO - root - 2019-11-28 17:54:11,111 - model was loaded from/labs/models/experiment_4/model_7.h5
INFO - root - 2019-11-28 17:54:11,112 - Model: "sequential_9"
INFO - root - 2019-11-28 17:54:11,112 - _________________________________________________________________
INFO - root - 2019-11-28 17:54:11,113 - Layer (type)                 Output Shape              Param #   
INFO - root - 2019-11-28 17:54:11,113 - =================================================================
INFO - root - 2019-11-28 17:54:11,114 - conv2d_23 (Conv2D)           (None, 224, 224, 8)       608       
INFO - root - 2019-11-28 17:54:11,114 - _________________________________________________________________
INFO - root - 2019-11-28 17:54:11,114 - max_pooling2d_23 (MaxPooling (None, 112, 112, 8)       0         
INFO - root - 2019-11-28 17:54:11,114 - _________________________________________________________________
INFO - root - 2019-11-28 17:54:11,115 - conv2d_24 (Conv2D)           (None, 112, 112, 16)      3216      
INFO - root - 2019-11-28 17:54:11,115 - _________________________________________________________________
INFO - root - 2019-11-28 17:54:11,115 - max_pooling2d_24 (MaxPooling (None, 56, 56, 16)        0         
INFO - root - 2019-11-28 17:54:11,115 - _________________________________________________________________
INFO - root - 2019-11-28 17:54:11,116 - conv2d_25 (Conv2D)           (None, 56, 56, 32)        12832     
INFO - root - 2019-11-28 17:54:11,116 - _________________________________________________________________
INFO - root - 2019-11-28 17:54:11,116 - max_pooling2d_25 (MaxPooling (None, 28, 28, 32)        0         
INFO - root - 2019-11-28 17:54:11,116 - _________________________________________________________________
INFO - root - 2019-11-28 17:54:11,116 - flatten_9 (Flatten)          (None, 25088)             0         
INFO - root - 2019-11-28 17:54:11,116 - _________________________________________________________________
INFO - root - 2019-11-28 17:54:11,117 - dropout_7 (Dropout)          (None, 25088)             0         
INFO - root - 2019-11-28 17:54:11,117 - _________________________________________________________________
INFO - root - 2019-11-28 17:54:11,117 - dense_24 (Dense)             (None, 32)                802848    
INFO - root - 2019-11-28 17:54:11,117 - _________________________________________________________________
INFO - root - 2019-11-28 17:54:11,117 - dense_25 (Dense)             (None, 64)                2112      
INFO - root - 2019-11-28 17:54:11,118 - _________________________________________________________________
INFO - root - 2019-11-28 17:54:11,118 - dense_26 (Dense)             (None, 128)               8320      
INFO - root - 2019-11-28 17:54:11,118 - _________________________________________________________________
INFO - root - 2019-11-28 17:54:11,118 - dense_27 (Dense)             (None, 2)                 258       
INFO - root - 2019-11-28 17:54:11,118 - =================================================================
INFO - root - 2019-11-28 17:54:11,120 - Total params: 830,194
INFO - root - 2019-11-28 17:54:11,120 - Trainable params: 830,194
INFO - root - 2019-11-28 17:54:11,120 - Non-trainable params: 0
INFO - root - 2019-11-28 17:54:11,120 - _________________________________________________________________
INFO - root - 2019-11-28 17:55:08,511 - index: 0
INFO - root - 2019-11-28 17:55:08,534 - index: 1
INFO - root - 2019-11-28 17:55:08,638 - model.build()
INFO - root - 2019-11-28 17:55:08,638 - loss:categorical_crossentropy
INFO - root - 2019-11-28 17:55:08,638 - metrics:['accuracy']
INFO - root - 2019-11-28 17:55:08,638 - optimizer:adam
INFO - root - 2019-11-28 17:55:08,681 - model.fit()
INFO - root - 2019-11-28 17:55:08,681 - run_id: 8
INFO - root - 2019-11-28 17:55:08,681 - epochs:2
INFO - root - 2019-11-28 17:55:08,682 - steps_per_epoch:1410
INFO - root - 2019-11-28 17:55:08,682 - validation_steps:157
INFO - root - 2019-11-28 17:56:48,941 - Model 8 saved to model_path: /labs/models/experiment_4/model_8.h5
INFO - root - 2019-11-28 17:56:48,941 - model.evaluate()
INFO - root - 2019-11-28 17:56:48,942 - run_id: 8
INFO - root - 2019-11-28 17:56:48,942 - test_data: <DatasetV1Adapter shapes: ((None, 224, 224, 3), (None, 2)), types: (tf.float32, tf.bool)>
INFO - root - 2019-11-28 17:56:48,942 - steps: 2513
INFO - root - 2019-11-28 17:56:49,754 - model was loaded from/labs/models/experiment_4/model_8.h5
INFO - root - 2019-11-28 17:56:49,754 - Model: "sequential_10"
INFO - root - 2019-11-28 17:56:49,755 - _________________________________________________________________
INFO - root - 2019-11-28 17:56:49,755 - Layer (type)                 Output Shape              Param #   
INFO - root - 2019-11-28 17:56:49,755 - =================================================================
INFO - root - 2019-11-28 17:56:49,755 - conv2d_26 (Conv2D)           (None, 224, 224, 8)       224       
INFO - root - 2019-11-28 17:56:49,756 - _________________________________________________________________
INFO - root - 2019-11-28 17:56:49,756 - max_pooling2d_26 (MaxPooling (None, 112, 112, 8)       0         
INFO - root - 2019-11-28 17:56:49,756 - _________________________________________________________________
INFO - root - 2019-11-28 17:56:49,756 - conv2d_27 (Conv2D)           (None, 112, 112, 16)      1168      
INFO - root - 2019-11-28 17:56:49,756 - _________________________________________________________________
INFO - root - 2019-11-28 17:56:49,757 - max_pooling2d_27 (MaxPooling (None, 56, 56, 16)        0         
INFO - root - 2019-11-28 17:56:49,757 - _________________________________________________________________
INFO - root - 2019-11-28 17:56:49,757 - flatten_10 (Flatten)         (None, 50176)             0         
INFO - root - 2019-11-28 17:56:49,757 - _________________________________________________________________
INFO - root - 2019-11-28 17:56:49,757 - dropout_8 (Dropout)          (None, 50176)             0         
INFO - root - 2019-11-28 17:56:49,757 - _________________________________________________________________
INFO - root - 2019-11-28 17:56:49,758 - dense_28 (Dense)             (None, 32)                1605664   
INFO - root - 2019-11-28 17:56:49,758 - _________________________________________________________________
INFO - root - 2019-11-28 17:56:49,758 - dense_29 (Dense)             (None, 64)                2112      
INFO - root - 2019-11-28 17:56:49,758 - _________________________________________________________________
INFO - root - 2019-11-28 17:56:49,759 - dense_30 (Dense)             (None, 128)               8320      
INFO - root - 2019-11-28 17:56:49,759 - _________________________________________________________________
INFO - root - 2019-11-28 17:56:49,759 - dense_31 (Dense)             (None, 2)                 258       
INFO - root - 2019-11-28 17:56:49,759 - =================================================================
INFO - root - 2019-11-28 17:56:49,760 - Total params: 1,617,746
INFO - root - 2019-11-28 17:56:49,761 - Trainable params: 1,617,746
INFO - root - 2019-11-28 17:56:49,761 - Non-trainable params: 0
INFO - root - 2019-11-28 17:56:49,761 - _________________________________________________________________
INFO - root - 2019-11-28 17:57:37,818 - index: 0
INFO - root - 2019-11-28 17:57:37,841 - index: 1
INFO - root - 2019-11-28 17:57:37,942 - model.build()
INFO - root - 2019-11-28 17:57:37,942 - loss:categorical_crossentropy
INFO - root - 2019-11-28 17:57:37,942 - metrics:['accuracy']
INFO - root - 2019-11-28 17:57:37,943 - optimizer:adam
INFO - root - 2019-11-28 17:57:37,984 - model.fit()
INFO - root - 2019-11-28 17:57:37,985 - run_id: 9
INFO - root - 2019-11-28 17:57:37,985 - epochs:2
INFO - root - 2019-11-28 17:57:37,985 - steps_per_epoch:1410
INFO - root - 2019-11-28 17:57:37,985 - validation_steps:157
INFO - root - 2019-11-28 17:59:18,585 - Model 9 saved to model_path: /labs/models/experiment_4/model_9.h5
INFO - root - 2019-11-28 17:59:18,585 - model.evaluate()
INFO - root - 2019-11-28 17:59:18,585 - run_id: 9
INFO - root - 2019-11-28 17:59:18,586 - test_data: <DatasetV1Adapter shapes: ((None, 224, 224, 3), (None, 2)), types: (tf.float32, tf.bool)>
INFO - root - 2019-11-28 17:59:18,586 - steps: 2513
INFO - root - 2019-11-28 17:59:19,389 - model was loaded from/labs/models/experiment_4/model_9.h5
INFO - root - 2019-11-28 17:59:19,389 - Model: "sequential_11"
INFO - root - 2019-11-28 17:59:19,389 - _________________________________________________________________
INFO - root - 2019-11-28 17:59:19,390 - Layer (type)                 Output Shape              Param #   
INFO - root - 2019-11-28 17:59:19,390 - =================================================================
INFO - root - 2019-11-28 17:59:19,390 - conv2d_28 (Conv2D)           (None, 224, 224, 8)       224       
INFO - root - 2019-11-28 17:59:19,390 - _________________________________________________________________
INFO - root - 2019-11-28 17:59:19,391 - max_pooling2d_28 (MaxPooling (None, 112, 112, 8)       0         
INFO - root - 2019-11-28 17:59:19,391 - _________________________________________________________________
INFO - root - 2019-11-28 17:59:19,391 - conv2d_29 (Conv2D)           (None, 112, 112, 16)      1168      
INFO - root - 2019-11-28 17:59:19,391 - _________________________________________________________________
INFO - root - 2019-11-28 17:59:19,391 - max_pooling2d_29 (MaxPooling (None, 56, 56, 16)        0         
INFO - root - 2019-11-28 17:59:19,392 - _________________________________________________________________
INFO - root - 2019-11-28 17:59:19,392 - flatten_11 (Flatten)         (None, 50176)             0         
INFO - root - 2019-11-28 17:59:19,392 - _________________________________________________________________
INFO - root - 2019-11-28 17:59:19,392 - dropout_9 (Dropout)          (None, 50176)             0         
INFO - root - 2019-11-28 17:59:19,392 - _________________________________________________________________
INFO - root - 2019-11-28 17:59:19,393 - dense_32 (Dense)             (None, 32)                1605664   
INFO - root - 2019-11-28 17:59:19,393 - _________________________________________________________________
INFO - root - 2019-11-28 17:59:19,393 - dense_33 (Dense)             (None, 64)                2112      
INFO - root - 2019-11-28 17:59:19,393 - _________________________________________________________________
INFO - root - 2019-11-28 17:59:19,393 - dense_34 (Dense)             (None, 128)               8320      
INFO - root - 2019-11-28 17:59:19,394 - _________________________________________________________________
INFO - root - 2019-11-28 17:59:19,394 - dense_35 (Dense)             (None, 2)                 258       
INFO - root - 2019-11-28 17:59:19,394 - =================================================================
INFO - root - 2019-11-28 17:59:19,395 - Total params: 1,617,746
INFO - root - 2019-11-28 17:59:19,395 - Trainable params: 1,617,746
INFO - root - 2019-11-28 17:59:19,395 - Non-trainable params: 0
INFO - root - 2019-11-28 17:59:19,396 - _________________________________________________________________
INFO - root - 2019-11-28 18:00:08,651 - index: 0
INFO - root - 2019-11-28 18:00:08,673 - index: 1
INFO - root - 2019-11-28 18:00:08,764 - model.build()
INFO - root - 2019-11-28 18:00:08,764 - loss:categorical_crossentropy
INFO - root - 2019-11-28 18:00:08,765 - metrics:['accuracy']
INFO - root - 2019-11-28 18:00:08,765 - optimizer:adam
INFO - root - 2019-11-28 18:00:08,808 - model.fit()
INFO - root - 2019-11-28 18:00:08,808 - run_id: 10
INFO - root - 2019-11-28 18:00:08,808 - epochs:2
INFO - root - 2019-11-28 18:00:08,808 - steps_per_epoch:1410
INFO - root - 2019-11-28 18:00:08,808 - validation_steps:157
INFO - root - 2019-11-28 18:01:52,118 - Model 10 saved to model_path: /labs/models/experiment_4/model_10.h5
INFO - root - 2019-11-28 18:01:52,118 - model.evaluate()
INFO - root - 2019-11-28 18:01:52,118 - run_id: 10
INFO - root - 2019-11-28 18:01:52,119 - test_data: <DatasetV1Adapter shapes: ((None, 224, 224, 3), (None, 2)), types: (tf.float32, tf.bool)>
INFO - root - 2019-11-28 18:01:52,119 - steps: 2513
INFO - root - 2019-11-28 18:01:53,087 - model was loaded from/labs/models/experiment_4/model_10.h5
INFO - root - 2019-11-28 18:01:53,087 - Model: "sequential_12"
INFO - root - 2019-11-28 18:01:53,088 - _________________________________________________________________
INFO - root - 2019-11-28 18:01:53,088 - Layer (type)                 Output Shape              Param #   
INFO - root - 2019-11-28 18:01:53,088 - =================================================================
INFO - root - 2019-11-28 18:01:53,089 - conv2d_30 (Conv2D)           (None, 224, 224, 8)       224       
INFO - root - 2019-11-28 18:01:53,089 - _________________________________________________________________
INFO - root - 2019-11-28 18:01:53,089 - max_pooling2d_30 (MaxPooling (None, 112, 112, 8)       0         
INFO - root - 2019-11-28 18:01:53,089 - _________________________________________________________________
INFO - root - 2019-11-28 18:01:53,089 - conv2d_31 (Conv2D)           (None, 112, 112, 16)      1168      
INFO - root - 2019-11-28 18:01:53,090 - _________________________________________________________________
INFO - root - 2019-11-28 18:01:53,090 - max_pooling2d_31 (MaxPooling (None, 56, 56, 16)        0         
INFO - root - 2019-11-28 18:01:53,090 - _________________________________________________________________
INFO - root - 2019-11-28 18:01:53,090 - flatten_12 (Flatten)         (None, 50176)             0         
INFO - root - 2019-11-28 18:01:53,090 - _________________________________________________________________
INFO - root - 2019-11-28 18:01:53,090 - dropout_10 (Dropout)         (None, 50176)             0         
INFO - root - 2019-11-28 18:01:53,090 - _________________________________________________________________
INFO - root - 2019-11-28 18:01:53,091 - dense_36 (Dense)             (None, 32)                1605664   
INFO - root - 2019-11-28 18:01:53,091 - _________________________________________________________________
INFO - root - 2019-11-28 18:01:53,091 - dense_37 (Dense)             (None, 64)                2112      
INFO - root - 2019-11-28 18:01:53,091 - _________________________________________________________________
INFO - root - 2019-11-28 18:01:53,092 - dense_38 (Dense)             (None, 2)                 130       
INFO - root - 2019-11-28 18:01:53,092 - =================================================================
INFO - root - 2019-11-28 18:01:53,093 - Total params: 1,609,298
INFO - root - 2019-11-28 18:01:53,093 - Trainable params: 1,609,298
INFO - root - 2019-11-28 18:01:53,093 - Non-trainable params: 0
INFO - root - 2019-11-28 18:01:53,093 - _________________________________________________________________
INFO - root - 2019-11-28 18:02:42,309 - index: 0
INFO - root - 2019-11-28 18:02:42,334 - index: 1
INFO - root - 2019-11-28 18:02:42,426 - model.build()
INFO - root - 2019-11-28 18:02:42,426 - loss:categorical_crossentropy
INFO - root - 2019-11-28 18:02:42,426 - metrics:['accuracy']
INFO - root - 2019-11-28 18:02:42,427 - optimizer:adam
INFO - root - 2019-11-28 18:02:42,471 - model.fit()
INFO - root - 2019-11-28 18:02:42,471 - run_id: 11
INFO - root - 2019-11-28 18:02:42,471 - epochs:2
INFO - root - 2019-11-28 18:02:42,472 - steps_per_epoch:1410
INFO - root - 2019-11-28 18:02:42,472 - validation_steps:157
INFO - root - 2019-11-28 18:04:24,393 - Model 11 saved to model_path: /labs/models/experiment_4/model_11.h5
INFO - root - 2019-11-28 18:04:24,393 - model.evaluate()
INFO - root - 2019-11-28 18:04:24,393 - run_id: 11
INFO - root - 2019-11-28 18:04:24,394 - test_data: <DatasetV1Adapter shapes: ((None, 224, 224, 3), (None, 2)), types: (tf.float32, tf.bool)>
INFO - root - 2019-11-28 18:04:24,394 - steps: 2513
INFO - root - 2019-11-28 18:04:25,180 - model was loaded from/labs/models/experiment_4/model_11.h5
INFO - root - 2019-11-28 18:04:25,180 - Model: "sequential_13"
INFO - root - 2019-11-28 18:04:25,181 - _________________________________________________________________
INFO - root - 2019-11-28 18:04:25,181 - Layer (type)                 Output Shape              Param #   
INFO - root - 2019-11-28 18:04:25,181 - =================================================================
INFO - root - 2019-11-28 18:04:25,182 - conv2d_32 (Conv2D)           (None, 224, 224, 8)       224       
INFO - root - 2019-11-28 18:04:25,182 - _________________________________________________________________
INFO - root - 2019-11-28 18:04:25,182 - max_pooling2d_32 (MaxPooling (None, 112, 112, 8)       0         
INFO - root - 2019-11-28 18:04:25,183 - _________________________________________________________________
INFO - root - 2019-11-28 18:04:25,183 - conv2d_33 (Conv2D)           (None, 112, 112, 16)      1168      
INFO - root - 2019-11-28 18:04:25,183 - _________________________________________________________________
INFO - root - 2019-11-28 18:04:25,184 - max_pooling2d_33 (MaxPooling (None, 56, 56, 16)        0         
INFO - root - 2019-11-28 18:04:25,184 - _________________________________________________________________
INFO - root - 2019-11-28 18:04:25,184 - flatten_13 (Flatten)         (None, 50176)             0         
INFO - root - 2019-11-28 18:04:25,184 - _________________________________________________________________
INFO - root - 2019-11-28 18:04:25,185 - dropout_11 (Dropout)         (None, 50176)             0         
INFO - root - 2019-11-28 18:04:25,185 - _________________________________________________________________
INFO - root - 2019-11-28 18:04:25,185 - dense_39 (Dense)             (None, 32)                1605664   
INFO - root - 2019-11-28 18:04:25,186 - _________________________________________________________________
INFO - root - 2019-11-28 18:04:25,186 - dense_40 (Dense)             (None, 64)                2112      
INFO - root - 2019-11-28 18:04:25,186 - _________________________________________________________________
INFO - root - 2019-11-28 18:04:25,187 - dense_41 (Dense)             (None, 2)                 130       
INFO - root - 2019-11-28 18:04:25,187 - =================================================================
INFO - root - 2019-11-28 18:04:25,188 - Total params: 1,609,298
INFO - root - 2019-11-28 18:04:25,188 - Trainable params: 1,609,298
INFO - root - 2019-11-28 18:04:25,189 - Non-trainable params: 0
INFO - root - 2019-11-28 18:04:25,189 - _________________________________________________________________
INFO - root - 2019-11-28 18:05:12,954 - index: 0
INFO - root - 2019-11-28 18:05:12,976 - index: 1
INFO - root - 2019-11-28 18:05:12,996 - index: 2
INFO - root - 2019-11-28 18:05:13,087 - model.build()
INFO - root - 2019-11-28 18:05:13,087 - loss:categorical_crossentropy
INFO - root - 2019-11-28 18:05:13,087 - metrics:['accuracy']
INFO - root - 2019-11-28 18:05:13,087 - optimizer:adam
INFO - root - 2019-11-28 18:05:13,132 - model.fit()
INFO - root - 2019-11-28 18:05:13,132 - run_id: 12
INFO - root - 2019-11-28 18:05:13,132 - epochs:2
INFO - root - 2019-11-28 18:05:13,132 - steps_per_epoch:1410
INFO - root - 2019-11-28 18:05:13,133 - validation_steps:157
INFO - root - 2019-11-28 18:07:14,314 - Model 12 saved to model_path: /labs/models/experiment_4/model_12.h5
INFO - root - 2019-11-28 18:07:14,315 - model.evaluate()
INFO - root - 2019-11-28 18:07:14,315 - run_id: 12
INFO - root - 2019-11-28 18:07:14,315 - test_data: <DatasetV1Adapter shapes: ((None, 224, 224, 3), (None, 2)), types: (tf.float32, tf.bool)>
INFO - root - 2019-11-28 18:07:14,316 - steps: 2513
INFO - root - 2019-11-28 18:07:15,130 - model was loaded from/labs/models/experiment_4/model_12.h5
INFO - root - 2019-11-28 18:07:15,130 - Model: "sequential_14"
INFO - root - 2019-11-28 18:07:15,131 - _________________________________________________________________
INFO - root - 2019-11-28 18:07:15,131 - Layer (type)                 Output Shape              Param #   
INFO - root - 2019-11-28 18:07:15,131 - =================================================================
INFO - root - 2019-11-28 18:07:15,132 - conv2d_34 (Conv2D)           (None, 224, 224, 8)       608       
INFO - root - 2019-11-28 18:07:15,132 - _________________________________________________________________
INFO - root - 2019-11-28 18:07:15,132 - max_pooling2d_34 (MaxPooling (None, 112, 112, 8)       0         
INFO - root - 2019-11-28 18:07:15,132 - _________________________________________________________________
INFO - root - 2019-11-28 18:07:15,133 - conv2d_35 (Conv2D)           (None, 112, 112, 16)      3216      
INFO - root - 2019-11-28 18:07:15,133 - _________________________________________________________________
INFO - root - 2019-11-28 18:07:15,133 - max_pooling2d_35 (MaxPooling (None, 56, 56, 16)        0         
INFO - root - 2019-11-28 18:07:15,134 - _________________________________________________________________
INFO - root - 2019-11-28 18:07:15,134 - conv2d_36 (Conv2D)           (None, 56, 56, 32)        12832     
INFO - root - 2019-11-28 18:07:15,134 - _________________________________________________________________
INFO - root - 2019-11-28 18:07:15,134 - max_pooling2d_36 (MaxPooling (None, 28, 28, 32)        0         
INFO - root - 2019-11-28 18:07:15,135 - _________________________________________________________________
INFO - root - 2019-11-28 18:07:15,135 - flatten_14 (Flatten)         (None, 25088)             0         
INFO - root - 2019-11-28 18:07:15,135 - _________________________________________________________________
INFO - root - 2019-11-28 18:07:15,136 - dropout_12 (Dropout)         (None, 25088)             0         
INFO - root - 2019-11-28 18:07:15,136 - _________________________________________________________________
INFO - root - 2019-11-28 18:07:15,136 - dense_42 (Dense)             (None, 32)                802848    
INFO - root - 2019-11-28 18:07:15,136 - _________________________________________________________________
INFO - root - 2019-11-28 18:07:15,137 - dense_43 (Dense)             (None, 64)                2112      
INFO - root - 2019-11-28 18:07:15,137 - _________________________________________________________________
INFO - root - 2019-11-28 18:07:15,137 - dense_44 (Dense)             (None, 2)                 130       
INFO - root - 2019-11-28 18:07:15,138 - =================================================================
INFO - root - 2019-11-28 18:07:15,139 - Total params: 821,746
INFO - root - 2019-11-28 18:07:15,139 - Trainable params: 821,746
INFO - root - 2019-11-28 18:07:15,139 - Non-trainable params: 0
INFO - root - 2019-11-28 18:07:15,139 - _________________________________________________________________
INFO - root - 2019-11-28 18:08:12,996 - index: 0
INFO - root - 2019-11-28 18:08:13,020 - index: 1
INFO - root - 2019-11-28 18:08:13,043 - index: 2
INFO - root - 2019-11-28 18:08:13,155 - model.build()
INFO - root - 2019-11-28 18:08:13,156 - loss:categorical_crossentropy
INFO - root - 2019-11-28 18:08:13,156 - metrics:['accuracy']
INFO - root - 2019-11-28 18:08:13,157 - optimizer:adam
INFO - root - 2019-11-28 18:08:13,220 - model.fit()
INFO - root - 2019-11-28 18:08:13,220 - run_id: 13
INFO - root - 2019-11-28 18:08:13,221 - epochs:2
INFO - root - 2019-11-28 18:08:13,221 - steps_per_epoch:1410
INFO - root - 2019-11-28 18:08:13,221 - validation_steps:157
INFO - root - 2019-11-28 18:10:14,838 - Model 13 saved to model_path: /labs/models/experiment_4/model_13.h5
INFO - root - 2019-11-28 18:10:14,838 - model.evaluate()
INFO - root - 2019-11-28 18:10:14,838 - run_id: 13
INFO - root - 2019-11-28 18:10:14,839 - test_data: <DatasetV1Adapter shapes: ((None, 224, 224, 3), (None, 2)), types: (tf.float32, tf.bool)>
INFO - root - 2019-11-28 18:10:14,839 - steps: 2513
INFO - root - 2019-11-28 18:10:15,660 - model was loaded from/labs/models/experiment_4/model_13.h5
INFO - root - 2019-11-28 18:10:15,661 - Model: "sequential_15"
INFO - root - 2019-11-28 18:10:15,661 - _________________________________________________________________
INFO - root - 2019-11-28 18:10:15,661 - Layer (type)                 Output Shape              Param #   
INFO - root - 2019-11-28 18:10:15,662 - =================================================================
INFO - root - 2019-11-28 18:10:15,662 - conv2d_37 (Conv2D)           (None, 224, 224, 8)       608       
INFO - root - 2019-11-28 18:10:15,663 - _________________________________________________________________
INFO - root - 2019-11-28 18:10:15,663 - max_pooling2d_37 (MaxPooling (None, 112, 112, 8)       0         
INFO - root - 2019-11-28 18:10:15,663 - _________________________________________________________________
INFO - root - 2019-11-28 18:10:15,664 - conv2d_38 (Conv2D)           (None, 112, 112, 16)      3216      
INFO - root - 2019-11-28 18:10:15,664 - _________________________________________________________________
INFO - root - 2019-11-28 18:10:15,665 - max_pooling2d_38 (MaxPooling (None, 56, 56, 16)        0         
INFO - root - 2019-11-28 18:10:15,665 - _________________________________________________________________
INFO - root - 2019-11-28 18:10:15,665 - conv2d_39 (Conv2D)           (None, 56, 56, 32)        12832     
INFO - root - 2019-11-28 18:10:15,666 - _________________________________________________________________
INFO - root - 2019-11-28 18:10:15,666 - max_pooling2d_39 (MaxPooling (None, 28, 28, 32)        0         
INFO - root - 2019-11-28 18:10:15,666 - _________________________________________________________________
INFO - root - 2019-11-28 18:10:15,667 - flatten_15 (Flatten)         (None, 25088)             0         
INFO - root - 2019-11-28 18:10:15,667 - _________________________________________________________________
INFO - root - 2019-11-28 18:10:15,667 - dropout_13 (Dropout)         (None, 25088)             0         
INFO - root - 2019-11-28 18:10:15,668 - _________________________________________________________________
INFO - root - 2019-11-28 18:10:15,668 - dense_45 (Dense)             (None, 32)                802848    
INFO - root - 2019-11-28 18:10:15,668 - _________________________________________________________________
INFO - root - 2019-11-28 18:10:15,669 - dense_46 (Dense)             (None, 64)                2112      
INFO - root - 2019-11-28 18:10:15,669 - _________________________________________________________________
INFO - root - 2019-11-28 18:10:15,670 - dense_47 (Dense)             (None, 2)                 130       
INFO - root - 2019-11-28 18:10:15,670 - =================================================================
INFO - root - 2019-11-28 18:10:15,671 - Total params: 821,746
INFO - root - 2019-11-28 18:10:15,671 - Trainable params: 821,746
INFO - root - 2019-11-28 18:10:15,671 - Non-trainable params: 0
INFO - root - 2019-11-28 18:10:15,672 - _________________________________________________________________
INFO - root - 2019-11-28 18:11:12,744 - index: 0
INFO - root - 2019-11-28 18:11:12,821 - model.build()
INFO - root - 2019-11-28 18:11:12,821 - loss:categorical_crossentropy
INFO - root - 2019-11-28 18:11:12,821 - metrics:['accuracy']
INFO - root - 2019-11-28 18:11:12,821 - optimizer:adam
INFO - root - 2019-11-28 18:11:12,864 - model.fit()
INFO - root - 2019-11-28 18:11:12,864 - run_id: 14
INFO - root - 2019-11-28 18:11:12,864 - epochs:2
INFO - root - 2019-11-28 18:11:12,864 - steps_per_epoch:1410
INFO - root - 2019-11-28 18:11:12,865 - validation_steps:157
INFO - root - 2019-11-28 18:12:38,966 - Model 14 saved to model_path: /labs/models/experiment_4/model_14.h5
INFO - root - 2019-11-28 18:12:38,966 - model.evaluate()
INFO - root - 2019-11-28 18:12:38,966 - run_id: 14
INFO - root - 2019-11-28 18:12:38,967 - test_data: <DatasetV1Adapter shapes: ((None, 224, 224, 3), (None, 2)), types: (tf.float32, tf.bool)>
INFO - root - 2019-11-28 18:12:38,967 - steps: 2513
INFO - root - 2019-11-28 18:12:39,644 - model was loaded from/labs/models/experiment_4/model_14.h5
INFO - root - 2019-11-28 18:12:39,645 - Model: "sequential_16"
INFO - root - 2019-11-28 18:12:39,645 - _________________________________________________________________
INFO - root - 2019-11-28 18:12:39,645 - Layer (type)                 Output Shape              Param #   
INFO - root - 2019-11-28 18:12:39,646 - =================================================================
INFO - root - 2019-11-28 18:12:39,646 - conv2d_40 (Conv2D)           (None, 224, 224, 8)       224       
INFO - root - 2019-11-28 18:12:39,646 - _________________________________________________________________
INFO - root - 2019-11-28 18:12:39,647 - max_pooling2d_40 (MaxPooling (None, 112, 112, 8)       0         
INFO - root - 2019-11-28 18:12:39,647 - _________________________________________________________________
INFO - root - 2019-11-28 18:12:39,647 - flatten_16 (Flatten)         (None, 100352)            0         
INFO - root - 2019-11-28 18:12:39,647 - _________________________________________________________________
INFO - root - 2019-11-28 18:12:39,648 - dropout_14 (Dropout)         (None, 100352)            0         
INFO - root - 2019-11-28 18:12:39,648 - _________________________________________________________________
INFO - root - 2019-11-28 18:12:39,648 - dense_48 (Dense)             (None, 32)                3211296   
INFO - root - 2019-11-28 18:12:39,648 - _________________________________________________________________
INFO - root - 2019-11-28 18:12:39,649 - dense_49 (Dense)             (None, 2)                 66        
INFO - root - 2019-11-28 18:12:39,649 - =================================================================
INFO - root - 2019-11-28 18:12:39,650 - Total params: 3,211,586
INFO - root - 2019-11-28 18:12:39,650 - Trainable params: 3,211,586
INFO - root - 2019-11-28 18:12:39,650 - Non-trainable params: 0
INFO - root - 2019-11-28 18:12:39,650 - _________________________________________________________________
INFO - root - 2019-11-28 18:13:24,877 - index: 0
INFO - root - 2019-11-28 18:13:24,956 - model.build()
INFO - root - 2019-11-28 18:13:24,957 - loss:categorical_crossentropy
INFO - root - 2019-11-28 18:13:24,957 - metrics:['accuracy']
INFO - root - 2019-11-28 18:13:24,957 - optimizer:adam
INFO - root - 2019-11-28 18:13:25,000 - model.fit()
INFO - root - 2019-11-28 18:13:25,001 - run_id: 15
INFO - root - 2019-11-28 18:13:25,001 - epochs:2
INFO - root - 2019-11-28 18:13:25,001 - steps_per_epoch:1410
INFO - root - 2019-11-28 18:13:25,002 - validation_steps:157
INFO - root - 2019-11-28 18:14:50,646 - Model 15 saved to model_path: /labs/models/experiment_4/model_15.h5
INFO - root - 2019-11-28 18:14:50,647 - model.evaluate()
INFO - root - 2019-11-28 18:14:50,647 - run_id: 15
INFO - root - 2019-11-28 18:14:50,647 - test_data: <DatasetV1Adapter shapes: ((None, 224, 224, 3), (None, 2)), types: (tf.float32, tf.bool)>
INFO - root - 2019-11-28 18:14:50,648 - steps: 2513
INFO - root - 2019-11-28 18:14:51,340 - model was loaded from/labs/models/experiment_4/model_15.h5
INFO - root - 2019-11-28 18:14:51,340 - Model: "sequential_17"
INFO - root - 2019-11-28 18:14:51,340 - _________________________________________________________________
INFO - root - 2019-11-28 18:14:51,341 - Layer (type)                 Output Shape              Param #   
INFO - root - 2019-11-28 18:14:51,341 - =================================================================
INFO - root - 2019-11-28 18:14:51,342 - conv2d_41 (Conv2D)           (None, 224, 224, 8)       224       
INFO - root - 2019-11-28 18:14:51,342 - _________________________________________________________________
INFO - root - 2019-11-28 18:14:51,342 - max_pooling2d_41 (MaxPooling (None, 112, 112, 8)       0         
INFO - root - 2019-11-28 18:14:51,343 - _________________________________________________________________
INFO - root - 2019-11-28 18:14:51,343 - flatten_17 (Flatten)         (None, 100352)            0         
INFO - root - 2019-11-28 18:14:51,343 - _________________________________________________________________
INFO - root - 2019-11-28 18:14:51,343 - dropout_15 (Dropout)         (None, 100352)            0         
INFO - root - 2019-11-28 18:14:51,344 - _________________________________________________________________
INFO - root - 2019-11-28 18:14:51,344 - dense_50 (Dense)             (None, 32)                3211296   
INFO - root - 2019-11-28 18:14:51,344 - _________________________________________________________________
INFO - root - 2019-11-28 18:14:51,345 - dense_51 (Dense)             (None, 2)                 66        
INFO - root - 2019-11-28 18:14:51,345 - =================================================================
INFO - root - 2019-11-28 18:14:51,346 - Total params: 3,211,586
INFO - root - 2019-11-28 18:14:51,346 - Trainable params: 3,211,586
INFO - root - 2019-11-28 18:14:51,346 - Non-trainable params: 0
INFO - root - 2019-11-28 18:14:51,346 - _________________________________________________________________
INFO - root - 2019-11-28 18:15:35,296 - index: 0
INFO - root - 2019-11-28 18:15:35,319 - index: 1
INFO - root - 2019-11-28 18:15:35,340 - index: 2
INFO - root - 2019-11-28 18:15:35,445 - model.build()
INFO - root - 2019-11-28 18:15:35,446 - loss:categorical_crossentropy
INFO - root - 2019-11-28 18:15:35,446 - metrics:['accuracy']
INFO - root - 2019-11-28 18:15:35,447 - optimizer:adam
INFO - root - 2019-11-28 18:15:35,489 - model.fit()
INFO - root - 2019-11-28 18:15:35,489 - run_id: 16
INFO - root - 2019-11-28 18:15:35,489 - epochs:2
INFO - root - 2019-11-28 18:15:35,489 - steps_per_epoch:1410
INFO - root - 2019-11-28 18:15:35,490 - validation_steps:157
INFO - root - 2019-11-28 18:17:22,558 - Model 16 saved to model_path: /labs/models/experiment_4/model_16.h5
INFO - root - 2019-11-28 18:17:22,558 - model.evaluate()
INFO - root - 2019-11-28 18:17:22,558 - run_id: 16
INFO - root - 2019-11-28 18:17:22,559 - test_data: <DatasetV1Adapter shapes: ((None, 224, 224, 3), (None, 2)), types: (tf.float32, tf.bool)>
INFO - root - 2019-11-28 18:17:22,559 - steps: 2513
INFO - root - 2019-11-28 18:17:23,470 - model was loaded from/labs/models/experiment_4/model_16.h5
INFO - root - 2019-11-28 18:17:23,470 - Model: "sequential_18"
INFO - root - 2019-11-28 18:17:23,470 - _________________________________________________________________
INFO - root - 2019-11-28 18:17:23,470 - Layer (type)                 Output Shape              Param #   
INFO - root - 2019-11-28 18:17:23,471 - =================================================================
INFO - root - 2019-11-28 18:17:23,471 - conv2d_42 (Conv2D)           (None, 224, 224, 8)       224       
INFO - root - 2019-11-28 18:17:23,471 - _________________________________________________________________
INFO - root - 2019-11-28 18:17:23,472 - max_pooling2d_42 (MaxPooling (None, 112, 112, 8)       0         
INFO - root - 2019-11-28 18:17:23,472 - _________________________________________________________________
INFO - root - 2019-11-28 18:17:23,472 - conv2d_43 (Conv2D)           (None, 112, 112, 16)      1168      
INFO - root - 2019-11-28 18:17:23,472 - _________________________________________________________________
INFO - root - 2019-11-28 18:17:23,473 - max_pooling2d_43 (MaxPooling (None, 56, 56, 16)        0         
INFO - root - 2019-11-28 18:17:23,473 - _________________________________________________________________
INFO - root - 2019-11-28 18:17:23,473 - conv2d_44 (Conv2D)           (None, 56, 56, 32)        4640      
INFO - root - 2019-11-28 18:17:23,473 - _________________________________________________________________
INFO - root - 2019-11-28 18:17:23,474 - max_pooling2d_44 (MaxPooling (None, 28, 28, 32)        0         
INFO - root - 2019-11-28 18:17:23,474 - _________________________________________________________________
INFO - root - 2019-11-28 18:17:23,474 - flatten_18 (Flatten)         (None, 25088)             0         
INFO - root - 2019-11-28 18:17:23,474 - _________________________________________________________________
INFO - root - 2019-11-28 18:17:23,475 - dropout_16 (Dropout)         (None, 25088)             0         
INFO - root - 2019-11-28 18:17:23,475 - _________________________________________________________________
INFO - root - 2019-11-28 18:17:23,475 - dense_52 (Dense)             (None, 32)                802848    
INFO - root - 2019-11-28 18:17:23,475 - _________________________________________________________________
INFO - root - 2019-11-28 18:17:23,476 - dense_53 (Dense)             (None, 64)                2112      
INFO - root - 2019-11-28 18:17:23,476 - _________________________________________________________________
INFO - root - 2019-11-28 18:17:23,476 - dense_54 (Dense)             (None, 128)               8320      
INFO - root - 2019-11-28 18:17:23,476 - _________________________________________________________________
INFO - root - 2019-11-28 18:17:23,477 - dense_55 (Dense)             (None, 2)                 258       
INFO - root - 2019-11-28 18:17:23,477 - =================================================================
INFO - root - 2019-11-28 18:17:23,478 - Total params: 819,570
INFO - root - 2019-11-28 18:17:23,479 - Trainable params: 819,570
INFO - root - 2019-11-28 18:17:23,479 - Non-trainable params: 0
INFO - root - 2019-11-28 18:17:23,479 - _________________________________________________________________
INFO - root - 2019-11-28 18:18:14,467 - index: 0
INFO - root - 2019-11-28 18:18:14,489 - index: 1
INFO - root - 2019-11-28 18:18:14,511 - index: 2
INFO - root - 2019-11-28 18:18:14,618 - model.build()
INFO - root - 2019-11-28 18:18:14,618 - loss:categorical_crossentropy
INFO - root - 2019-11-28 18:18:14,618 - metrics:['accuracy']
INFO - root - 2019-11-28 18:18:14,619 - optimizer:adam
INFO - root - 2019-11-28 18:18:14,663 - model.fit()
INFO - root - 2019-11-28 18:18:14,664 - run_id: 17
INFO - root - 2019-11-28 18:18:14,664 - epochs:2
INFO - root - 2019-11-28 18:18:14,664 - steps_per_epoch:1410
INFO - root - 2019-11-28 18:18:14,665 - validation_steps:157
INFO - root - 2019-11-28 18:20:01,783 - Model 17 saved to model_path: /labs/models/experiment_4/model_17.h5
INFO - root - 2019-11-28 18:20:01,784 - model.evaluate()
INFO - root - 2019-11-28 18:20:01,784 - run_id: 17
INFO - root - 2019-11-28 18:20:01,784 - test_data: <DatasetV1Adapter shapes: ((None, 224, 224, 3), (None, 2)), types: (tf.float32, tf.bool)>
INFO - root - 2019-11-28 18:20:01,784 - steps: 2513
INFO - root - 2019-11-28 18:20:02,705 - model was loaded from/labs/models/experiment_4/model_17.h5
INFO - root - 2019-11-28 18:20:02,705 - Model: "sequential_19"
INFO - root - 2019-11-28 18:20:02,705 - _________________________________________________________________
INFO - root - 2019-11-28 18:20:02,705 - Layer (type)                 Output Shape              Param #   
INFO - root - 2019-11-28 18:20:02,706 - =================================================================
INFO - root - 2019-11-28 18:20:02,706 - conv2d_45 (Conv2D)           (None, 224, 224, 8)       224       
INFO - root - 2019-11-28 18:20:02,706 - _________________________________________________________________
INFO - root - 2019-11-28 18:20:02,707 - max_pooling2d_45 (MaxPooling (None, 112, 112, 8)       0         
INFO - root - 2019-11-28 18:20:02,707 - _________________________________________________________________
INFO - root - 2019-11-28 18:20:02,707 - conv2d_46 (Conv2D)           (None, 112, 112, 16)      1168      
INFO - root - 2019-11-28 18:20:02,707 - _________________________________________________________________
INFO - root - 2019-11-28 18:20:02,708 - max_pooling2d_46 (MaxPooling (None, 56, 56, 16)        0         
INFO - root - 2019-11-28 18:20:02,708 - _________________________________________________________________
INFO - root - 2019-11-28 18:20:02,708 - conv2d_47 (Conv2D)           (None, 56, 56, 32)        4640      
INFO - root - 2019-11-28 18:20:02,708 - _________________________________________________________________
INFO - root - 2019-11-28 18:20:02,709 - max_pooling2d_47 (MaxPooling (None, 28, 28, 32)        0         
INFO - root - 2019-11-28 18:20:02,709 - _________________________________________________________________
INFO - root - 2019-11-28 18:20:02,709 - flatten_19 (Flatten)         (None, 25088)             0         
INFO - root - 2019-11-28 18:20:02,709 - _________________________________________________________________
INFO - root - 2019-11-28 18:20:02,709 - dropout_17 (Dropout)         (None, 25088)             0         
INFO - root - 2019-11-28 18:20:02,710 - _________________________________________________________________
INFO - root - 2019-11-28 18:20:02,710 - dense_56 (Dense)             (None, 32)                802848    
INFO - root - 2019-11-28 18:20:02,710 - _________________________________________________________________
INFO - root - 2019-11-28 18:20:02,710 - dense_57 (Dense)             (None, 64)                2112      
INFO - root - 2019-11-28 18:20:02,710 - _________________________________________________________________
INFO - root - 2019-11-28 18:20:02,711 - dense_58 (Dense)             (None, 128)               8320      
INFO - root - 2019-11-28 18:20:02,711 - _________________________________________________________________
INFO - root - 2019-11-28 18:20:02,711 - dense_59 (Dense)             (None, 2)                 258       
INFO - root - 2019-11-28 18:20:02,711 - =================================================================
INFO - root - 2019-11-28 18:20:02,712 - Total params: 819,570
INFO - root - 2019-11-28 18:20:02,712 - Trainable params: 819,570
INFO - root - 2019-11-28 18:20:02,713 - Non-trainable params: 0
INFO - root - 2019-11-28 18:20:02,713 - _________________________________________________________________
INFO - root - 2019-11-28 18:20:52,649 - index: 0
INFO - root - 2019-11-28 18:20:52,753 - model.build()
INFO - root - 2019-11-28 18:20:52,753 - loss:categorical_crossentropy
INFO - root - 2019-11-28 18:20:52,754 - metrics:['accuracy']
INFO - root - 2019-11-28 18:20:52,754 - optimizer:adam
INFO - root - 2019-11-28 18:20:52,796 - model.fit()
INFO - root - 2019-11-28 18:20:52,796 - run_id: 18
INFO - root - 2019-11-28 18:20:52,797 - epochs:2
INFO - root - 2019-11-28 18:20:52,797 - steps_per_epoch:1410
INFO - root - 2019-11-28 18:20:52,797 - validation_steps:157
INFO - root - 2019-11-28 18:22:30,377 - Model 18 saved to model_path: /labs/models/experiment_4/model_18.h5
INFO - root - 2019-11-28 18:22:30,377 - model.evaluate()
INFO - root - 2019-11-28 18:22:30,377 - run_id: 18
INFO - root - 2019-11-28 18:22:30,378 - test_data: <DatasetV1Adapter shapes: ((None, 224, 224, 3), (None, 2)), types: (tf.float32, tf.bool)>
INFO - root - 2019-11-28 18:22:30,378 - steps: 2513
INFO - root - 2019-11-28 18:22:31,214 - model was loaded from/labs/models/experiment_4/model_18.h5
INFO - root - 2019-11-28 18:22:31,214 - Model: "sequential_20"
INFO - root - 2019-11-28 18:22:31,214 - _________________________________________________________________
INFO - root - 2019-11-28 18:22:31,214 - Layer (type)                 Output Shape              Param #   
INFO - root - 2019-11-28 18:22:31,214 - =================================================================
INFO - root - 2019-11-28 18:22:31,215 - conv2d_48 (Conv2D)           (None, 224, 224, 8)       608       
INFO - root - 2019-11-28 18:22:31,215 - _________________________________________________________________
INFO - root - 2019-11-28 18:22:31,215 - max_pooling2d_48 (MaxPooling (None, 112, 112, 8)       0         
INFO - root - 2019-11-28 18:22:31,215 - _________________________________________________________________
INFO - root - 2019-11-28 18:22:31,216 - flatten_20 (Flatten)         (None, 100352)            0         
INFO - root - 2019-11-28 18:22:31,216 - _________________________________________________________________
INFO - root - 2019-11-28 18:22:31,216 - dropout_18 (Dropout)         (None, 100352)            0         
INFO - root - 2019-11-28 18:22:31,216 - _________________________________________________________________
INFO - root - 2019-11-28 18:22:31,216 - dense_60 (Dense)             (None, 32)                3211296   
INFO - root - 2019-11-28 18:22:31,217 - _________________________________________________________________
INFO - root - 2019-11-28 18:22:31,217 - dense_61 (Dense)             (None, 64)                2112      
INFO - root - 2019-11-28 18:22:31,217 - _________________________________________________________________
INFO - root - 2019-11-28 18:22:31,217 - dense_62 (Dense)             (None, 128)               8320      
INFO - root - 2019-11-28 18:22:31,217 - _________________________________________________________________
INFO - root - 2019-11-28 18:22:31,218 - dense_63 (Dense)             (None, 2)                 258       
INFO - root - 2019-11-28 18:22:31,218 - =================================================================
INFO - root - 2019-11-28 18:22:31,219 - Total params: 3,222,594
INFO - root - 2019-11-28 18:22:31,219 - Trainable params: 3,222,594
INFO - root - 2019-11-28 18:22:31,219 - Non-trainable params: 0
INFO - root - 2019-11-28 18:22:31,219 - _________________________________________________________________
INFO - root - 2019-11-28 18:23:20,625 - index: 0
INFO - root - 2019-11-28 18:23:20,734 - model.build()
INFO - root - 2019-11-28 18:23:20,735 - loss:categorical_crossentropy
INFO - root - 2019-11-28 18:23:20,735 - metrics:['accuracy']
INFO - root - 2019-11-28 18:23:20,735 - optimizer:adam
INFO - root - 2019-11-28 18:23:20,779 - model.fit()
INFO - root - 2019-11-28 18:23:20,779 - run_id: 19
INFO - root - 2019-11-28 18:23:20,779 - epochs:2
INFO - root - 2019-11-28 18:23:20,779 - steps_per_epoch:1410
INFO - root - 2019-11-28 18:23:20,779 - validation_steps:157
INFO - root - 2019-11-28 18:24:58,074 - Model 19 saved to model_path: /labs/models/experiment_4/model_19.h5
INFO - root - 2019-11-28 18:24:58,074 - model.evaluate()
INFO - root - 2019-11-28 18:24:58,074 - run_id: 19
INFO - root - 2019-11-28 18:24:58,075 - test_data: <DatasetV1Adapter shapes: ((None, 224, 224, 3), (None, 2)), types: (tf.float32, tf.bool)>
INFO - root - 2019-11-28 18:24:58,075 - steps: 2513
INFO - root - 2019-11-28 18:24:58,901 - model was loaded from/labs/models/experiment_4/model_19.h5
INFO - root - 2019-11-28 18:24:58,901 - Model: "sequential_21"
INFO - root - 2019-11-28 18:24:58,902 - _________________________________________________________________
INFO - root - 2019-11-28 18:24:58,902 - Layer (type)                 Output Shape              Param #   
INFO - root - 2019-11-28 18:24:58,902 - =================================================================
INFO - root - 2019-11-28 18:24:58,902 - conv2d_49 (Conv2D)           (None, 224, 224, 8)       608       
INFO - root - 2019-11-28 18:24:58,903 - _________________________________________________________________
INFO - root - 2019-11-28 18:24:58,903 - max_pooling2d_49 (MaxPooling (None, 112, 112, 8)       0         
INFO - root - 2019-11-28 18:24:58,903 - _________________________________________________________________
INFO - root - 2019-11-28 18:24:58,903 - flatten_21 (Flatten)         (None, 100352)            0         
INFO - root - 2019-11-28 18:24:58,904 - _________________________________________________________________
INFO - root - 2019-11-28 18:24:58,904 - dropout_19 (Dropout)         (None, 100352)            0         
INFO - root - 2019-11-28 18:24:58,904 - _________________________________________________________________
INFO - root - 2019-11-28 18:24:58,904 - dense_64 (Dense)             (None, 32)                3211296   
INFO - root - 2019-11-28 18:24:58,904 - _________________________________________________________________
INFO - root - 2019-11-28 18:24:58,905 - dense_65 (Dense)             (None, 64)                2112      
INFO - root - 2019-11-28 18:24:58,905 - _________________________________________________________________
INFO - root - 2019-11-28 18:24:58,905 - dense_66 (Dense)             (None, 128)               8320      
INFO - root - 2019-11-28 18:24:58,905 - _________________________________________________________________
INFO - root - 2019-11-28 18:24:58,906 - dense_67 (Dense)             (None, 2)                 258       
INFO - root - 2019-11-28 18:24:58,906 - =================================================================
INFO - root - 2019-11-28 18:24:58,907 - Total params: 3,222,594
INFO - root - 2019-11-28 18:24:58,907 - Trainable params: 3,222,594
INFO - root - 2019-11-28 18:24:58,907 - Non-trainable params: 0
INFO - root - 2019-11-28 18:24:58,908 - _________________________________________________________________
INFO - root - 2019-11-28 18:25:48,349 - LOGGING END. Data was saved to logs_dir: /labs/logs/experiment_4, models_dir: /labs/models/experiment_4
